<?xml version="1.0" encoding="UTF-8"?>
<!-- Generated by org.testng.reporters.JUnitReportReporter -->
<testsuite hostname="DESKTOP-L4DT0U9" failures="0" tests="1" name="Appium_Licita.Calculadora_ejemplo" time="9.141" errors="0" timestamp="12 Jul 2021 01:29:01 GMT">
  <testcase classname="Appium_Licita.Calculadora_ejemplo" name="test" time="9.141"/>
</testsuite> <!-- Appium_Licita.Calculadora_ejemplo -->
