<?xml version="1.0" encoding="UTF-8"?>
<!-- Generated by org.testng.reporters.JUnitReportReporter -->
<testsuite hostname="DESKTOP-L4DT0U9" failures="0" tests="1" name="Appium_Licita.Registrarme" time="118.325" errors="0" timestamp="15 Jul 2021 17:36:03 GMT">
  <testcase classname="Appium_Licita.Registrarme" name="test" time="118.325"/>
</testsuite> <!-- Appium_Licita.Registrarme -->
