<?xml version="1.0" encoding="UTF-8"?>
<!-- Generated by org.testng.reporters.JUnitReportReporter -->
<testsuite hostname="DESKTOP-L4DT0U9" failures="0" tests="1" name="Appium_Licita.Registrarme_30_dias_gratis" time="0.017" errors="0" timestamp="6 Jul 2021 15:12:09 GMT">
  <testcase classname="Appium_Licita.Registrarme_30_dias_gratis" name="test" time="0.017"/>
</testsuite> <!-- Appium_Licita.Registrarme_30_dias_gratis -->
